<?xml version="1.0" encoding="UTF-8"?>
<!-- Generated by org.testng.reporters.JUnitReportReporter -->
<testsuite skipped="0" hostname="DESKTOP-GHPND5U" name="testCases.LoginTest" tests="5" failures="0" timestamp="03 Dec 2019 21:38:52 GMT" time="7.294" errors="0">
  <testcase name="loginNegativniTestovi" time="1.526" classname="testCases.LoginTest"/>
  <testcase name="loginNegativniTestovi" time="0.873" classname="testCases.LoginTest"/>
  <testcase name="loginNegativniTestovi" time="2.039" classname="testCases.LoginTest"/>
  <testcase name="loginPositivniTest" time="1.848" classname="testCases.LoginTest"/>
  <testcase name="loginNegativniTestovi" time="1.008" classname="testCases.LoginTest"/>
</testsuite> <!-- testCases.LoginTest -->
