<?xml version="1.0" encoding="UTF-8"?>
<!-- Generated by org.testng.reporters.JUnitReportReporter -->
<testsuite skipped="0" hostname="DESKTOP-GHPND5U" name="testCases.PregledStanaraTest" tests="5" failures="0" timestamp="02 Dec 2019 22:03:40 GMT" time="2.762" errors="0">
  <testcase name="PozitivanTestPretrageStanara1" time="0.487" classname="testCases.PregledStanaraTest"/>
  <testcase name="PozitivanTestPretrageStanara5" time="0.529" classname="testCases.PregledStanaraTest"/>
  <testcase name="PozitivanTestPretrageStanara1" time="0.655" classname="testCases.PregledStanaraTest"/>
  <testcase name="PozitivanTestPretrageStanara1" time="0.662" classname="testCases.PregledStanaraTest"/>
  <testcase name="PozitivanTestPretrageStanara1" time="0.429" classname="testCases.PregledStanaraTest"/>
</testsuite> <!-- testCases.PregledStanaraTest -->
