<?xml version="1.0" encoding="UTF-8"?>
<!-- Generated by org.testng.reporters.JUnitReportReporter -->
<testsuite skipped="0" hostname="DESKTOP-GHPND5U" name="testCases.PregledZgradaTest" tests="4" failures="0" timestamp="28 Nov 2019 14:04:02 GMT" time="3.019" errors="0">
  <testcase name="PozitivanTestPretrageZgrade1" time="0.962" classname="testCases.PregledZgradaTest"/>
  <testcase name="PozitivanTestPretrageZgrade4" time="0.685" classname="testCases.PregledZgradaTest"/>
  <testcase name="PozitivanTestPretrageZgrade2" time="0.871" classname="testCases.PregledZgradaTest"/>
  <testcase name="PozitivanTestPretrageZgrade3" time="0.501" classname="testCases.PregledZgradaTest"/>
</testsuite> <!-- testCases.PregledZgradaTest -->
