<?xml version="1.0" encoding="UTF-8"?>
<!-- Generated by org.testng.reporters.JUnitReportReporter -->
<testsuite skipped="0" hostname="DESKTOP-GHPND5U" name="testCases.StanTest" tests="5" failures="0" timestamp="05 Dec 2019 14:17:12 GMT" time="2.319" errors="0">
  <testcase name="postavljanjeVlasnikaTest" time="0.454" classname="testCases.StanTest"/>
  <testcase name="uklanjanjeVlasnikaTest" time="1.012" classname="testCases.StanTest"/>
  <testcase name="dodavanjeStanaraTest" time="0.264" classname="testCases.StanTest"/>
  <testcase name="postaviZaPredsednika" time="0.247" classname="testCases.StanTest"/>
  <testcase name="uklanjanjeStanaraTest" time="0.342" classname="testCases.StanTest"/>
</testsuite> <!-- testCases.StanTest -->
