<?xml version="1.0" encoding="UTF-8"?>
<!-- Generated by org.testng.reporters.JUnitReportReporter -->
<testsuite skipped="0" hostname="DESKTOP-GHPND5U" name="testCases.KvaroviTest" tests="6" failures="0" timestamp="02 Dec 2019 13:32:32 GMT" time="98.998" errors="0">
  <testcase name="dodavanjeKvaraPos" time="16.007" classname="testCases.KvaroviTest"/>
  <testcase name="dodavanjeKvaraPosBezOdgLica" time="16.285" classname="testCases.KvaroviTest"/>
  <testcase name="dodavanjeKvarNegativniTest" time="16.650" classname="testCases.KvaroviTest"/>
  <testcase name="dodavanjeKvarNegativniTest1" time="16.016" classname="testCases.KvaroviTest"/>
  <testcase name="dodavanjeKvarNegativniTest2" time="17.335" classname="testCases.KvaroviTest"/>
  <testcase name="obrisiKvar" time="16.705" classname="testCases.KvaroviTest"/>
</testsuite> <!-- testCases.KvaroviTest -->
