<?xml version="1.0" encoding="UTF-8"?>
<!-- Generated by org.testng.reporters.JUnitReportReporter -->
<testsuite skipped="0" hostname="DESKTOP-GHPND5U" name="testCases.obavestenjeTest" tests="4" failures="0" timestamp="30 Nov 2019 13:52:42 GMT" time="3.590" errors="0">
  <testcase name="dodajObavestenjePozitivan" time="1.645" classname="testCases.obavestenjeTest"/>
  <testcase name="dodajObavestenjeNegativan" time="0.712" classname="testCases.obavestenjeTest"/>
  <testcase name="izmeniObavestenjePozitivan" time="1.015" classname="testCases.obavestenjeTest"/>
  <testcase name="obrisiObavestenjePozitivan" time="0.218" classname="testCases.obavestenjeTest"/>
</testsuite> <!-- testCases.obavestenjeTest -->
