<?xml version="1.0" encoding="UTF-8"?>
<!-- Generated by org.testng.reporters.JUnitReportReporter -->
<testsuite skipped="0" hostname="DESKTOP-GHPND5U" name="testCases.RegistracijaStanaraTest" tests="6" failures="0" timestamp="05 Dec 2019 14:08:41 GMT" time="11.140" errors="0">
  <testcase name="registracijaStanaraPos" time="3.476" classname="testCases.RegistracijaStanaraTest"/>
  <testcase name="registracijaStanaranegativan1" time="3.327" classname="testCases.RegistracijaStanaraTest"/>
  <testcase name="PozitivanTestResetDugme" time="1.685" classname="testCases.RegistracijaStanaraTest"/>
  <testcase name="registracijaStanaraNegativni2" time="0.897" classname="testCases.RegistracijaStanaraTest"/>
  <testcase name="registracijaStanaraNegativni3" time="1.079" classname="testCases.RegistracijaStanaraTest"/>
  <testcase name="registracijaStanaraNegativni4" time="0.676" classname="testCases.RegistracijaStanaraTest"/>
</testsuite> <!-- testCases.RegistracijaStanaraTest -->
