<?xml version="1.0" encoding="UTF-8"?>
<!-- Generated by org.testng.reporters.JUnitReportReporter -->
<testsuite skipped="0" hostname="DESKTOP-GHPND5U" name="testCases.PregledStanaraTest" tests="5" failures="0" timestamp="05 Dec 2019 13:59:49 GMT" time="3.017" errors="0">
  <testcase name="PozitivanTestPretrageStanara1" time="0.790" classname="testCases.PregledStanaraTest"/>
  <testcase name="PozitivanTestPretrageStanara" time="0.576" classname="testCases.PregledStanaraTest"/>
  <testcase name="PozitivanTestPretrageStanara1" time="0.415" classname="testCases.PregledStanaraTest"/>
  <testcase name="PozitivanTestPretrageStanara1" time="0.740" classname="testCases.PregledStanaraTest"/>
  <testcase name="PozitivanTestPretrageStanara1" time="0.496" classname="testCases.PregledStanaraTest"/>
</testsuite> <!-- testCases.PregledStanaraTest -->
