<?xml version="1.0" encoding="UTF-8"?>
<!-- Generated by org.testng.reporters.JUnitReportReporter -->
<testsuite skipped="0" hostname="DESKTOP-GHPND5U" name="testCases.TackeDnevnogRedaTest" tests="5" failures="0" timestamp="05 Dec 2019 14:46:49 GMT" time="8.686" errors="0">
  <testcase name="dodajTackuDnevnogRedaPozitivan" time="2.265" classname="testCases.TackeDnevnogRedaTest"/>
  <testcase name="dodajTackuDnevnogRedaNegativan" time="0.647" classname="testCases.TackeDnevnogRedaTest"/>
  <testcase name="izmeniTackuDnevnogRedaPozitivan" time="2.640" classname="testCases.TackeDnevnogRedaTest"/>
  <testcase name="obrisiObavestenjePozitivan" time="1.264" classname="testCases.TackeDnevnogRedaTest"/>
  <testcase name="dodavanjePredlogaTackeUSkupstinuPozitivan" time="1.870" classname="testCases.TackeDnevnogRedaTest"/>
</testsuite> <!-- testCases.TackeDnevnogRedaTest -->
