<?xml version="1.0" encoding="UTF-8"?>
<!-- Generated by org.testng.reporters.JUnitReportReporter -->
<testsuite skipped="0" hostname="DESKTOP-GHPND5U" name="testCases.DodavanjeZgradaTest" tests="6" failures="0" timestamp="05 Dec 2019 13:20:37 GMT" time="8.789" errors="0">
  <testcase name="PozitivanTestDodavanjaZgrade" time="4.158" classname="testCases.DodavanjeZgradaTest"/>
  <testcase name="negativanTestIstaAdresaZgrade" time="1.845" classname="testCases.DodavanjeZgradaTest"/>
  <testcase name="PozitivanTestResetDugme" time="0.877" classname="testCases.DodavanjeZgradaTest"/>
  <testcase name="NegativanTestDodavanjaZgrade1" time="0.710" classname="testCases.DodavanjeZgradaTest"/>
  <testcase name="NegativanTestDodavanjaZgrade2" time="0.657" classname="testCases.DodavanjeZgradaTest"/>
  <testcase name="NegativanTestDodavanjaZgrade3" time="0.542" classname="testCases.DodavanjeZgradaTest"/>
</testsuite> <!-- testCases.DodavanjeZgradaTest -->
