<?xml version="1.0" encoding="UTF-8"?>
<!-- Generated by org.testng.reporters.JUnitReportReporter -->
<testsuite skipped="0" hostname="DESKTOP-GHPND5U" name="testCases.test1" tests="5" failures="0" timestamp="29 Nov 2019 18:36:32 GMT" time="8.758" errors="0">
  <testcase name="loginNegativniTestovi" time="1.686" classname="testCases.test1"/>
  <testcase name="loginNegativniTestovi" time="1.638" classname="testCases.test1"/>
  <testcase name="loginNegativniTestovi" time="1.785" classname="testCases.test1"/>
  <testcase name="loginNegativniTestovi" time="1.850" classname="testCases.test1"/>
  <testcase name="loginPositivniTest" time="1.799" classname="testCases.test1"/>
</testsuite> <!-- testCases.test1 -->
