<?xml version="1.0" encoding="UTF-8"?>
<!-- Generated by org.testng.reporters.JUnitReportReporter -->
<testsuite skipped="0" hostname="DESKTOP-GHPND5U" name="testCases.KvaroviTest" tests="6" failures="0" timestamp="05 Dec 2019 13:25:27 GMT" time="8.034" errors="0">
  <testcase name="dodavanjeKvaraPosBezOdgLica" time="1.152" classname="testCases.KvaroviTest"/>
  <testcase name="dodavanjeKvaraPos" time="1.380" classname="testCases.KvaroviTest"/>
  <testcase name="obrisiKvar" time="1.166" classname="testCases.KvaroviTest"/>
  <testcase name="dodavanjeKvarNegativniTest" time="1.808" classname="testCases.KvaroviTest"/>
  <testcase name="dodavanjeKvarNegativniTest1" time="1.392" classname="testCases.KvaroviTest"/>
  <testcase name="dodavanjeKvarNegativniTest2" time="1.136" classname="testCases.KvaroviTest"/>
</testsuite> <!-- testCases.KvaroviTest -->
