<?xml version="1.0" encoding="UTF-8"?>
<!-- Generated by org.testng.reporters.JUnitReportReporter -->
<testsuite skipped="0" hostname="DESKTOP-GHPND5U" name="testCases.KvaroviTest" tests="1" failures="0" timestamp="30 Nov 2019 16:54:34 GMT" time="17.535" errors="0">
  <testcase name="obrisiKvar" time="17.535" classname="testCases.KvaroviTest"/>
</testsuite> <!-- testCases.KvaroviTest -->
