<?xml version="1.0" encoding="UTF-8"?>
<!-- Generated by org.testng.reporters.JUnitReportReporter -->
<testsuite skipped="1" hostname="DESKTOP-GHPND5U" name="testCases.test1" tests="5" failures="0" timestamp="27 Nov 2019 00:12:25 GMT" time="3.349" errors="0">
  <testcase name="loginNegativniTestovi" time="0.662" classname="testCases.test1"/>
  <testcase name="loginNegativniTestovi" time="0.799" classname="testCases.test1"/>
  <testcase name="loginNegativniTestovi" time="0.879" classname="testCases.test1"/>
  <testcase name="loginNegativniTestovi" time="1.009" classname="testCases.test1"/>
  <testcase name="loginPositivniTest" classname="testCases.test1">
    <skipped/>
  </testcase> <!-- loginPositivniTest -->
</testsuite> <!-- testCases.test1 -->
