<?xml version="1.0" encoding="UTF-8"?>
<!-- Generated by org.testng.reporters.JUnitReportReporter -->
<testsuite skipped="0" hostname="DESKTOP-GHPND5U" name="testCases.StanTest" tests="5" failures="0" timestamp="29 Nov 2019 20:07:03 GMT" time="1.433" errors="0">
  <testcase name="postavljanjeVlasnikaTest" time="0.362" classname="testCases.StanTest"/>
  <testcase name="uklanjanjeVlasnikaTest" time="0.314" classname="testCases.StanTest"/>
  <testcase name="dodavanjeStanaraTest" time="0.254" classname="testCases.StanTest"/>
  <testcase name="postaviZaPredsednika" time="0.221" classname="testCases.StanTest"/>
  <testcase name="uklanjanjeStanaraTest" time="0.282" classname="testCases.StanTest"/>
</testsuite> <!-- testCases.StanTest -->
