<?xml version="1.0" encoding="UTF-8"?>
<!-- Generated by org.testng.reporters.JUnitReportReporter -->
<testsuite skipped="0" hostname="DESKTOP-GHPND5U" name="testCases.LoginTest" tests="5" failures="0" timestamp="02 Dec 2019 22:03:40 GMT" time="4.394" errors="0">
  <testcase name="loginNegativniTestovi" time="0.717" classname="testCases.LoginTest"/>
  <testcase name="loginNegativniTestovi" time="0.977" classname="testCases.LoginTest"/>
  <testcase name="loginPositivniTest" time="1.015" classname="testCases.LoginTest"/>
  <testcase name="loginNegativniTestovi" time="0.864" classname="testCases.LoginTest"/>
  <testcase name="loginNegativniTestovi" time="0.821" classname="testCases.LoginTest"/>
</testsuite> <!-- testCases.LoginTest -->
