<?xml version="1.0" encoding="UTF-8"?>
<!-- Generated by org.testng.reporters.JUnitReportReporter -->
<testsuite skipped="0" hostname="DESKTOP-GHPND5U" name="testCases.TackeDnevnogRedaTest" tests="5" failures="0" timestamp="30 Nov 2019 14:59:41 GMT" time="3.681" errors="0">
  <testcase name="dodajTackuDnevnogRedaPozitivan" time="1.359" classname="testCases.TackeDnevnogRedaTest"/>
  <testcase name="dodajTackuDnevnogRedaNegativan" time="0.559" classname="testCases.TackeDnevnogRedaTest"/>
  <testcase name="izmeniTackuDnevnogRedaPozitivan" time="1.030" classname="testCases.TackeDnevnogRedaTest"/>
  <testcase name="obrisiObavestenjePozitivan" time="0.293" classname="testCases.TackeDnevnogRedaTest"/>
  <testcase name="dodavanjePredlogaTackeUSkupstinuPozitivan" time="0.440" classname="testCases.TackeDnevnogRedaTest"/>
</testsuite> <!-- testCases.TackeDnevnogRedaTest -->
