<?xml version="1.0" encoding="UTF-8"?>
<!-- Generated by org.testng.reporters.JUnitReportReporter -->
<testsuite skipped="0" hostname="DESKTOP-GHPND5U" name="testCases.KvaroviTest" tests="6" failures="0" timestamp="02 Dec 2019 22:43:03 GMT" time="96.740" errors="0">
  <testcase name="dodavanjeKvaraPosBezOdgLica" time="16.520" classname="testCases.KvaroviTest"/>
  <testcase name="dodavanjeKvarNegativniTest" time="15.443" classname="testCases.KvaroviTest"/>
  <testcase name="dodavanjeKvarNegativniTest1" time="16.052" classname="testCases.KvaroviTest"/>
  <testcase name="obrisiKvar" time="14.440" classname="testCases.KvaroviTest"/>
  <testcase name="dodavanjeKvaraPos" time="18.414" classname="testCases.KvaroviTest"/>
  <testcase name="dodavanjeKvarNegativniTest2" time="15.871" classname="testCases.KvaroviTest"/>
</testsuite> <!-- testCases.KvaroviTest -->
