<?xml version="1.0" encoding="UTF-8"?>
<!-- Generated by org.testng.reporters.JUnitReportReporter -->
<testsuite skipped="0" hostname="DESKTOP-GHPND5U" name="testCases.PromenaLozinkeTest" tests="7" failures="0" timestamp="05 Dec 2019 14:47:28 GMT" time="7.380" errors="0">
  <testcase name="promenaLozinkePos" time="2.817" classname="testCases.PromenaLozinkeTest"/>
  <testcase name="potvrdaDaJeLozinkaPromenjena" time="1.147" classname="testCases.PromenaLozinkeTest"/>
  <testcase name="negativniTestovi1" time="0.852" classname="testCases.PromenaLozinkeTest"/>
  <testcase name="negativniTestovi2" time="0.715" classname="testCases.PromenaLozinkeTest"/>
  <testcase name="negativniTestovi3" time="0.576" classname="testCases.PromenaLozinkeTest"/>
  <testcase name="negativniTestovi4" time="0.529" classname="testCases.PromenaLozinkeTest"/>
  <testcase name="negativniTestovi5" time="0.744" classname="testCases.PromenaLozinkeTest"/>
</testsuite> <!-- testCases.PromenaLozinkeTest -->
