<?xml version="1.0" encoding="UTF-8"?>
<!-- Generated by org.testng.reporters.JUnitReportReporter -->
<testsuite skipped="0" hostname="DESKTOP-GHPND5U" name="testCases.PregledStanaraTest" tests="3" failures="0" timestamp="28 Nov 2019 14:07:18 GMT" time="4.562" errors="0">
  <testcase name="PozitivanTestPretrageZgrade1" time="1.699" classname="testCases.PregledStanaraTest"/>
  <testcase name="PozitivanTestPretrageZgrade3" time="1.343" classname="testCases.PregledStanaraTest"/>
  <testcase name="PozitivanTestPretrageZgrade2" time="1.520" classname="testCases.PregledStanaraTest"/>
</testsuite> <!-- testCases.PregledStanaraTest -->
