<?xml version="1.0" encoding="UTF-8"?>
<!-- Generated by org.testng.reporters.JUnitReportReporter -->
<testsuite skipped="0" hostname="DESKTOP-GHPND5U" name="testCases.obavestenjeTest" tests="4" failures="0" timestamp="05 Dec 2019 13:26:07 GMT" time="3.421" errors="0">
  <testcase name="dodajObavestenjePozitivan" time="1.374" classname="testCases.obavestenjeTest"/>
  <testcase name="dodajObavestenjeNegativan" time="0.631" classname="testCases.obavestenjeTest"/>
  <testcase name="izmeniObavestenjePozitivan" time="1.179" classname="testCases.obavestenjeTest"/>
  <testcase name="obrisiObavestenjePozitivan" time="0.237" classname="testCases.obavestenjeTest"/>
</testsuite> <!-- testCases.obavestenjeTest -->
