<?xml version="1.0" encoding="UTF-8"?>
<!-- Generated by org.testng.reporters.JUnitReportReporter -->
<testsuite skipped="0" hostname="DESKTOP-GHPND5U" name="testCases.PromenaLozinkeTest" tests="7" failures="0" timestamp="02 Dec 2019 14:36:24 GMT" time="11.839" errors="0">
  <testcase name="promenaLozinkePos" time="6.374" classname="testCases.PromenaLozinkeTest"/>
  <testcase name="potvrdaDaJeLozinkaPromenjena" time="1.251" classname="testCases.PromenaLozinkeTest"/>
  <testcase name="negativniTestovi1" time="1.031" classname="testCases.PromenaLozinkeTest"/>
  <testcase name="negativniTestovi2" time="0.637" classname="testCases.PromenaLozinkeTest"/>
  <testcase name="negativniTestovi3" time="0.725" classname="testCases.PromenaLozinkeTest"/>
  <testcase name="negativniTestovi4" time="0.885" classname="testCases.PromenaLozinkeTest"/>
  <testcase name="negativniTestovi5" time="0.936" classname="testCases.PromenaLozinkeTest"/>
</testsuite> <!-- testCases.PromenaLozinkeTest -->
