<?xml version="1.0" encoding="UTF-8"?>
<!-- Generated by org.testng.reporters.JUnitReportReporter -->
<testsuite skipped="0" hostname="DESKTOP-GHPND5U" name="testCases.PregledZgradaTest" tests="4" failures="0" timestamp="02 Dec 2019 23:24:37 GMT" time="2.901" errors="0">
  <testcase name="PozitivanTestPretrageZgrade4" time="0.715" classname="testCases.PregledZgradaTest"/>
  <testcase name="PozitivanTestPretrageZgrade2" time="0.659" classname="testCases.PregledZgradaTest"/>
  <testcase name="PozitivanTestPretrageZgrade1" time="0.912" classname="testCases.PregledZgradaTest"/>
  <testcase name="PozitivanTestPretrageZgrade3" time="0.615" classname="testCases.PregledZgradaTest"/>
</testsuite> <!-- testCases.PregledZgradaTest -->
