<?xml version="1.0" encoding="UTF-8"?>
<!-- Generated by org.testng.reporters.JUnitReportReporter -->
<testsuite skipped="0" hostname="DESKTOP-GHPND5U" name="testCases.LoginTest" tests="5" failures="0" timestamp="05 Dec 2019 13:07:07 GMT" time="7.454" errors="0">
  <testcase name="loginNegativniTestovi" time="0.779" classname="testCases.LoginTest"/>
  <testcase name="loginNegativniTestovi" time="0.789" classname="testCases.LoginTest"/>
  <testcase name="loginNegativniTestovi" time="1.416" classname="testCases.LoginTest"/>
  <testcase name="loginPositivniTest" time="2.491" classname="testCases.LoginTest"/>
  <testcase name="loginNegativniTestovi" time="1.979" classname="testCases.LoginTest"/>
</testsuite> <!-- testCases.LoginTest -->
