<?xml version="1.0" encoding="UTF-8"?>
<!-- Generated by org.testng.reporters.JUnitReportReporter -->
<testsuite skipped="1" hostname="DESKTOP-GHPND5U" name="testCases.RegistracijaStanaraTest" tests="6" failures="0" timestamp="28 Nov 2019 15:26:08 GMT" time="4.967" errors="0">
  <testcase name="registracijaStanaraNegativni3" time="0.526" classname="testCases.RegistracijaStanaraTest"/>
  <testcase name="registracijaStanaraPos2" time="1.498" classname="testCases.RegistracijaStanaraTest"/>
  <testcase name="registracijaStanaraNegativni1" time="0.778" classname="testCases.RegistracijaStanaraTest"/>
  <testcase name="PozitivanTestResetDugme" time="1.376" classname="testCases.RegistracijaStanaraTest"/>
  <testcase name="registracijaStanaraNegativni2" time="0.789" classname="testCases.RegistracijaStanaraTest"/>
  <testcase name="registracijaStanaraPos" classname="testCases.RegistracijaStanaraTest">
    <skipped/>
  </testcase> <!-- registracijaStanaraPos -->
</testsuite> <!-- testCases.RegistracijaStanaraTest -->
