<?xml version="1.0" encoding="UTF-8"?>
<!-- Generated by org.testng.reporters.JUnitReportReporter -->
<testsuite skipped="0" hostname="DESKTOP-GHPND5U" name="testCases.PregledStanaraTest" tests="4" failures="0" timestamp="02 Dec 2019 21:45:53 GMT" time="2.619" errors="0">
  <testcase name="PozitivanTestPretrageStanara1" time="0.748" classname="testCases.PregledStanaraTest"/>
  <testcase name="PozitivanTestPretrageStanara1" time="0.708" classname="testCases.PregledStanaraTest"/>
  <testcase name="PozitivanTestPretrageStanara1" time="0.647" classname="testCases.PregledStanaraTest"/>
  <testcase name="PozitivanTestPretrageStanara1" time="0.516" classname="testCases.PregledStanaraTest"/>
</testsuite> <!-- testCases.PregledStanaraTest -->
