<?xml version="1.0" encoding="UTF-8"?>
<!-- Generated by org.testng.reporters.JUnitReportReporter -->
<testsuite skipped="3" hostname="DESKTOP-GHPND5U" name="testCases.DodavanjeZgradaTest" tests="4" failures="0" timestamp="28 Nov 2019 15:12:39 GMT" time="0.997" errors="0">
  <testcase name="NegativanTestDodavanjaZgrade1" time="0.997" classname="testCases.DodavanjeZgradaTest"/>
  <testcase name="PozitivanTestDodavanjaZgrade" classname="testCases.DodavanjeZgradaTest">
    <skipped/>
  </testcase> <!-- PozitivanTestDodavanjaZgrade -->
  <testcase name="PozitivanTestResetDugme" classname="testCases.DodavanjeZgradaTest">
    <skipped/>
  </testcase> <!-- PozitivanTestResetDugme -->
  <testcase name="NegativanTestDodavanjaZgrade2" classname="testCases.DodavanjeZgradaTest">
    <skipped/>
  </testcase> <!-- NegativanTestDodavanjaZgrade2 -->
</testsuite> <!-- testCases.DodavanjeZgradaTest -->
