<?xml version="1.0" encoding="UTF-8"?>
<!-- Generated by org.testng.reporters.JUnitReportReporter -->
<testsuite skipped="0" hostname="DESKTOP-GHPND5U" name="testCases.PregledZgradaTest" tests="1" failures="0" timestamp="29 Nov 2019 11:17:03 GMT" time="0.578" errors="0">
  <testcase name="PozitivanTestPretrageZgrade5" time="0.578" classname="testCases.PregledZgradaTest"/>
</testsuite> <!-- testCases.PregledZgradaTest -->
