<?xml version="1.0" encoding="UTF-8"?>
<!-- Generated by org.testng.reporters.JUnitReportReporter -->
<testsuite skipped="0" hostname="DESKTOP-GHPND5U" name="testCases.PregledZgradaTest" tests="4" failures="0" timestamp="05 Dec 2019 13:29:31 GMT" time="2.621" errors="0">
  <testcase name="PozitivanTestPretrageZgrade1" time="0.770" classname="testCases.PregledZgradaTest"/>
  <testcase name="PozitivanTestPretrageZgrade2" time="0.716" classname="testCases.PregledZgradaTest"/>
  <testcase name="PozitivanTestPretrageZgrade3" time="0.559" classname="testCases.PregledZgradaTest"/>
  <testcase name="PozitivanTestPretrageZgrade4" time="0.576" classname="testCases.PregledZgradaTest"/>
</testsuite> <!-- testCases.PregledZgradaTest -->
