<?xml version="1.0" encoding="UTF-8"?>
<!-- Generated by org.testng.reporters.JUnitReportReporter -->
<testsuite skipped="0" hostname="DESKTOP-GHPND5U" name="testCases.TackeDnevnogRedaTest" tests="5" failures="0" timestamp="03 Dec 2019 21:59:56 GMT" time="4.752" errors="0">
  <testcase name="dodajTackuDnevnogRedaPozitivan" time="1.797" classname="testCases.TackeDnevnogRedaTest"/>
  <testcase name="dodajTackuDnevnogRedaNegativan" time="0.703" classname="testCases.TackeDnevnogRedaTest"/>
  <testcase name="izmeniTackuDnevnogRedaPozitivan" time="1.227" classname="testCases.TackeDnevnogRedaTest"/>
  <testcase name="obrisiObavestenjePozitivan" time="0.350" classname="testCases.TackeDnevnogRedaTest"/>
  <testcase name="dodavanjePredlogaTackeUSkupstinuPozitivan" time="0.675" classname="testCases.TackeDnevnogRedaTest"/>
</testsuite> <!-- testCases.TackeDnevnogRedaTest -->
